Looking for git in: git
Using git 2.20.1 from git
> git rev-parse --show-toplevel
> git rev-parse --git-dir
Open repository: /opt/lampp/htdocs/phpCourse
> git status -z -u
> git symbolic-ref --short HEAD
> git rev-parse master
> git rev-parse --symbolic-full-name master@{u}
> git rev-list --left-right master...refs/remotes/origin/master
> git for-each-ref --format %(refname) %(objectname) --sort -committerdate
> git remote --verbose
Failed to watch ref '/opt/lampp/htdocs/phpCourse/.git/refs/remotes/origin/master', is most likely packed.
Error: ENOENT: no such file or directory, watch '/opt/lampp/htdocs/phpCourse/.git/refs/remotes/origin/master'
	at FSWatcher.start (internal/fs/watchers.js:165:26)
	at Object.watch (fs.js:1270:11)
	at Object.t.watch (/snap/code/23/usr/share/code/resources/app/extensions/git/dist/main.js:1:591370)
	at E.updateTransientWatchers (/snap/code/23/usr/share/code/resources/app/extensions/git/dist/main.js:1:123066)
	at l.fire (/snap/code/23/usr/share/code/resources/app/out/vs/workbench/services/extensions/node/extensionHostProcess.js:46:913)
	at T.updateModelState (/snap/code/23/usr/share/code/resources/app/extensions/git/dist/main.js:1:141851)
> git config --get commit.template
> git check-ignore -v -z --stdin
> git show :basic.php
> git status -z -u
> git symbolic-ref --short HEAD
> git rev-parse master
> git rev-parse --symbolic-full-name master@{u}
> git rev-list --left-right master...refs/remotes/origin/master
> git for-each-ref --format %(refname) %(objectname) --sort -committerdate
> git remote --verbose
Failed to watch ref '/opt/lampp/htdocs/phpCourse/.git/refs/remotes/origin/master', is most likely packed.
Error: ENOENT: no such file or directory, watch '/opt/lampp/htdocs/phpCourse/.git/refs/remotes/origin/master'
	at FSWatcher.start (internal/fs/watchers.js:165:26)
	at Object.watch (fs.js:1270:11)
	at Object.t.watch (/snap/code/23/usr/share/code/resources/app/extensions/git/dist/main.js:1:591370)
	at E.updateTransientWatchers (/snap/code/23/usr/share/code/resources/app/extensions/git/dist/main.js:1:123066)
	at l.fire (/snap/code/23/usr/share/code/resources/app/out/vs/workbench/services/extensions/node/extensionHostProcess.js:46:913)
	at T.updateModelState (/snap/code/23/usr/share/code/resources/app/extensions/git/dist/main.js:1:141851)
> git config --get commit.template
> git status -z -u
> git symbolic-ref --short HEAD
> git rev-parse master
> git rev-parse --symbolic-full-name master@{u}
> git rev-list --left-right master...refs/remotes/origin/master
> git for-each-ref --format %(refname) %(objectname) --sort -committerdate
> git remote --verbose
Failed to watch ref '/opt/lampp/htdocs/phpCourse/.git/refs/remotes/origin/master', is most likely packed.
Error: ENOENT: no such file or directory, watch '/opt/lampp/htdocs/phpCourse/.git/refs/remotes/origin/master'
	at FSWatcher.start (internal/fs/watchers.js:165:26)
	at Object.watch (fs.js:1270:11)
	at Object.t.watch (/snap/code/23/usr/share/code/resources/app/extensions/git/dist/main.js:1:591370)
	at E.updateTransientWatchers (/snap/code/23/usr/share/code/resources/app/extensions/git/dist/main.js:1:123066)
	at l.fire (/snap/code/23/usr/share/code/resources/app/out/vs/workbench/services/extensions/node/extensionHostProcess.js:46:913)
	at T.updateModelState (/snap/code/23/usr/share/code/resources/app/extensions/git/dist/main.js:1:141851)
> git config --get commit.template
> git show :file.php
> git check-ignore -v -z --stdin
> git status -z -u
> git symbolic-ref --short HEAD
> git rev-parse master
> git rev-parse --symbolic-full-name master@{u}
> git rev-list --left-right master...refs/remotes/origin/master
> git for-each-ref --format %(refname) %(objectname) --sort -committerdate
> git remote --verbose
Failed to watch ref '/opt/lampp/htdocs/phpCourse/.git/refs/remotes/origin/master', is most likely packed.
Error: ENOENT: no such file or directory, watch '/opt/lampp/htdocs/phpCourse/.git/refs/remotes/origin/master'
	at FSWatcher.start (internal/fs/watchers.js:165:26)
	at Object.watch (fs.js:1270:11)
	at Object.t.watch (/snap/code/23/usr/share/code/resources/app/extensions/git/dist/main.js:1:591370)
	at E.updateTransientWatchers (/snap/code/23/usr/share/code/resources/app/extensions/git/dist/main.js:1:123066)
	at l.fire (/snap/code/23/usr/share/code/resources/app/out/vs/workbench/services/extensions/node/extensionHostProcess.js:46:913)
	at T.updateModelState (/snap/code/23/usr/share/code/resources/app/extensions/git/dist/main.js:1:141851)
> git config --get commit.template
> git show :basic.php
> git show :file.php
> git status -z -u
> git symbolic-ref --short HEAD
> git rev-parse master
> git rev-parse --symbolic-full-name master@{u}
> git rev-list --left-right master...refs/remotes/origin/master
> git for-each-ref --format %(refname) %(objectname) --sort -committerdate
> git remote --verbose
Failed to watch ref '/opt/lampp/htdocs/phpCourse/.git/refs/remotes/origin/master', is most likely packed.
Error: ENOENT: no such file or directory, watch '/opt/lampp/htdocs/phpCourse/.git/refs/remotes/origin/master'
	at FSWatcher.start (internal/fs/watchers.js:165:26)
	at Object.watch (fs.js:1270:11)
	at Object.t.watch (/snap/code/23/usr/share/code/resources/app/extensions/git/dist/main.js:1:591370)
	at E.updateTransientWatchers (/snap/code/23/usr/share/code/resources/app/extensions/git/dist/main.js:1:123066)
	at l.fire (/snap/code/23/usr/share/code/resources/app/out/vs/workbench/services/extensions/node/extensionHostProcess.js:46:913)
	at T.updateModelState (/snap/code/23/usr/share/code/resources/app/extensions/git/dist/main.js:1:141851)
> git config --get commit.template
> git status -z -u
> git symbolic-ref --short HEAD
> git rev-parse master
> git rev-parse --symbolic-full-name master@{u}
> git rev-list --left-right master...refs/remotes/origin/master
> git for-each-ref --format %(refname) %(objectname) --sort -committerdate
> git remote --verbose
Failed to watch ref '/opt/lampp/htdocs/phpCourse/.git/refs/remotes/origin/master', is most likely packed.
Error: ENOENT: no such file or directory, watch '/opt/lampp/htdocs/phpCourse/.git/refs/remotes/origin/master'
	at FSWatcher.start (internal/fs/watchers.js:165:26)
	at Object.watch (fs.js:1270:11)
	at Object.t.watch (/snap/code/23/usr/share/code/resources/app/extensions/git/dist/main.js:1:591370)
	at E.updateTransientWatchers (/snap/code/23/usr/share/code/resources/app/extensions/git/dist/main.js:1:123066)
	at l.fire (/snap/code/23/usr/share/code/resources/app/out/vs/workbench/services/extensions/node/extensionHostProcess.js:46:913)
	at T.updateModelState (/snap/code/23/usr/share/code/resources/app/extensions/git/dist/main.js:1:141851)
> git config --get commit.template
> git show :basic.php
> git status -z -u
> git symbolic-ref --short HEAD
> git rev-parse master
> git rev-parse --symbolic-full-name master@{u}
> git rev-list --left-right master...refs/remotes/origin/master
> git for-each-ref --format %(refname) %(objectname) --sort -committerdate
> git remote --verbose
Failed to watch ref '/opt/lampp/htdocs/phpCourse/.git/refs/remotes/origin/master', is most likely packed.
Error: ENOENT: no such file or directory, watch '/opt/lampp/htdocs/phpCourse/.git/refs/remotes/origin/master'
	at FSWatcher.start (internal/fs/watchers.js:165:26)
	at Object.watch (fs.js:1270:11)
	at Object.t.watch (/snap/code/23/usr/share/code/resources/app/extensions/git/dist/main.js:1:591370)
	at E.updateTransientWatchers (/snap/code/23/usr/share/code/resources/app/extensions/git/dist/main.js:1:123066)
	at l.fire (/snap/code/23/usr/share/code/resources/app/out/vs/workbench/services/extensions/node/extensionHostProcess.js:46:913)
	at T.updateModelState (/snap/code/23/usr/share/code/resources/app/extensions/git/dist/main.js:1:141851)
> git config --get commit.template
> git show :file.php
> git status -z -u
> git symbolic-ref --short HEAD
> git rev-parse master
> git rev-parse --symbolic-full-name master@{u}
> git rev-list --left-right master...refs/remotes/origin/master
> git for-each-ref --format %(refname) %(objectname) --sort -committerdate
> git remote --verbose
Failed to watch ref '/opt/lampp/htdocs/phpCourse/.git/refs/remotes/origin/master', is most likely packed.
Error: ENOENT: no such file or directory, watch '/opt/lampp/htdocs/phpCourse/.git/refs/remotes/origin/master'
	at FSWatcher.start (internal/fs/watchers.js:165:26)
	at Object.watch (fs.js:1270:11)
	at Object.t.watch (/snap/code/23/usr/share/code/resources/app/extensions/git/dist/main.js:1:591370)
	at E.updateTransientWatchers (/snap/code/23/usr/share/code/resources/app/extensions/git/dist/main.js:1:123066)
	at l.fire (/snap/code/23/usr/share/code/resources/app/out/vs/workbench/services/extensions/node/extensionHostProcess.js:46:913)
	at T.updateModelState (/snap/code/23/usr/share/code/resources/app/extensions/git/dist/main.js:1:141851)
> git config --get commit.template
> git show :mytextfile.txt
> git check-ignore -v -z --stdin
> git status -z -u
> git symbolic-ref --short HEAD
> git rev-parse master
> git rev-parse --symbolic-full-name master@{u}
> git rev-list --left-right master...refs/remotes/origin/master
> git for-each-ref --format %(refname) %(objectname) --sort -committerdate
> git remote --verbose
Failed to watch ref '/opt/lampp/htdocs/phpCourse/.git/refs/remotes/origin/master', is most likely packed.
Error: ENOENT: no such file or directory, watch '/opt/lampp/htdocs/phpCourse/.git/refs/remotes/origin/master'
	at FSWatcher.start (internal/fs/watchers.js:165:26)
	at Object.watch (fs.js:1270:11)
	at Object.t.watch (/snap/code/23/usr/share/code/resources/app/extensions/git/dist/main.js:1:591370)
	at E.updateTransientWatchers (/snap/code/23/usr/share/code/resources/app/extensions/git/dist/main.js:1:123066)
	at l.fire (/snap/code/23/usr/share/code/resources/app/out/vs/workbench/services/extensions/node/extensionHostProcess.js:46:913)
	at T.updateModelState (/snap/code/23/usr/share/code/resources/app/extensions/git/dist/main.js:1:141851)
> git config --get commit.template
> git status -z -u
> git symbolic-ref --short HEAD
> git rev-parse master
> git rev-parse --symbolic-full-name master@{u}
> git rev-list --left-right master...refs/remotes/origin/master
> git for-each-ref --format %(refname) %(objectname) --sort -committerdate
> git remote --verbose
Failed to watch ref '/opt/lampp/htdocs/phpCourse/.git/refs/remotes/origin/master', is most likely packed.
Error: ENOENT: no such file or directory, watch '/opt/lampp/htdocs/phpCourse/.git/refs/remotes/origin/master'
	at FSWatcher.start (internal/fs/watchers.js:165:26)
	at Object.watch (fs.js:1270:11)
	at Object.t.watch (/snap/code/23/usr/share/code/resources/app/extensions/git/dist/main.js:1:591370)
	at E.updateTransientWatchers (/snap/code/23/usr/share/code/resources/app/extensions/git/dist/main.js:1:123066)
	at l.fire (/snap/code/23/usr/share/code/resources/app/out/vs/workbench/services/extensions/node/extensionHostProcess.js:46:913)
	at T.updateModelState (/snap/code/23/usr/share/code/resources/app/extensions/git/dist/main.js:1:141851)
> git config --get commit.template
> git show :file.php
> git show :mytextfile.txt
> git show :file.php
> git show :mytextfile.txt
> git show :file.php
> git status -z -u
> git symbolic-ref --short HEAD
> git rev-parse master
> git rev-parse --symbolic-full-name master@{u}
> git rev-list --left-right master...refs/remotes/origin/master
> git for-each-ref --format %(refname) %(objectname) --sort -committerdate
> git remote --verbose
Failed to watch ref '/opt/lampp/htdocs/phpCourse/.git/refs/remotes/origin/master', is most likely packed.
Error: ENOENT: no such file or directory, watch '/opt/lampp/htdocs/phpCourse/.git/refs/remotes/origin/master'
	at FSWatcher.start (internal/fs/watchers.js:165:26)
	at Object.watch (fs.js:1270:11)
	at Object.t.watch (/snap/code/23/usr/share/code/resources/app/extensions/git/dist/main.js:1:591370)
	at E.updateTransientWatchers (/snap/code/23/usr/share/code/resources/app/extensions/git/dist/main.js:1:123066)
	at l.fire (/snap/code/23/usr/share/code/resources/app/out/vs/workbench/services/extensions/node/extensionHostProcess.js:46:913)
	at T.updateModelState (/snap/code/23/usr/share/code/resources/app/extensions/git/dist/main.js:1:141851)
> git config --get commit.template
> git show :mytextfile.txt
> git show :file.php
> git show :mytextfile.txt
> git show :file.php
> git show :mytextfile.txt
> git show :file.php
> git status -z -u
> git symbolic-ref --short HEAD
> git rev-parse master
> git rev-parse --symbolic-full-name master@{u}
> git rev-list --left-right master...refs/remotes/origin/master
> git for-each-ref --format %(refname) %(objectname) --sort -committerdate
> git remote --verbose
Failed to watch ref '/opt/lampp/htdocs/phpCourse/.git/refs/remotes/origin/master', is most likely packed.
Error: ENOENT: no such file or directory, watch '/opt/lampp/htdocs/phpCourse/.git/refs/remotes/origin/master'
	at FSWatcher.start (internal/fs/watchers.js:165:26)
	at Object.watch (fs.js:1270:11)
	at Object.t.watch (/snap/code/23/usr/share/code/resources/app/extensions/git/dist/main.js:1:591370)
	at E.updateTransientWatchers (/snap/code/23/usr/share/code/resources/app/extensions/git/dist/main.js:1:123066)
	at l.fire (/snap/code/23/usr/share/code/resources/app/out/vs/workbench/services/extensions/node/extensionHostProcess.js:46:913)
	at T.updateModelState (/snap/code/23/usr/share/code/resources/app/extensions/git/dist/main.js:1:141851)
> git config --get commit.template
> git status -z -u
> git symbolic-ref --short HEAD
> git rev-parse master
> git rev-parse --symbolic-full-name master@{u}
> git rev-list --left-right master...refs/remotes/origin/master
> git for-each-ref --format %(refname) %(objectname) --sort -committerdate
> git remote --verbose
Failed to watch ref '/opt/lampp/htdocs/phpCourse/.git/refs/remotes/origin/master', is most likely packed.
Error: ENOENT: no such file or directory, watch '/opt/lampp/htdocs/phpCourse/.git/refs/remotes/origin/master'
	at FSWatcher.start (internal/fs/watchers.js:165:26)
	at Object.watch (fs.js:1270:11)
	at Object.t.watch (/snap/code/23/usr/share/code/resources/app/extensions/git/dist/main.js:1:591370)
	at E.updateTransientWatchers (/snap/code/23/usr/share/code/resources/app/extensions/git/dist/main.js:1:123066)
	at l.fire (/snap/code/23/usr/share/code/resources/app/out/vs/workbench/services/extensions/node/extensionHostProcess.js:46:913)
	at T.updateModelState (/snap/code/23/usr/share/code/resources/app/extensions/git/dist/main.js:1:141851)
> git config --get commit.template
> git status -z -u
> git symbolic-ref --short HEAD
> git rev-parse master
> git rev-parse --symbolic-full-name master@{u}
> git rev-list --left-right master...refs/remotes/origin/master
> git for-each-ref --format %(refname) %(objectname) --sort -committerdate
> git remote --verbose
Failed to watch ref '/opt/lampp/htdocs/phpCourse/.git/refs/remotes/origin/master', is most likely packed.
Error: ENOENT: no such file or directory, watch '/opt/lampp/htdocs/phpCourse/.git/refs/remotes/origin/master'
	at FSWatcher.start (internal/fs/watchers.js:165:26)
	at Object.watch (fs.js:1270:11)
	at Object.t.watch (/snap/code/23/usr/share/code/resources/app/extensions/git/dist/main.js:1:591370)
	at E.updateTransientWatchers (/snap/code/23/usr/share/code/resources/app/extensions/git/dist/main.js:1:123066)
	at l.fire (/snap/code/23/usr/share/code/resources/app/out/vs/workbench/services/extensions/node/extensionHostProcess.js:46:913)
	at T.updateModelState (/snap/code/23/usr/share/code/resources/app/extensions/git/dist/main.js:1:141851)
> git config --get commit.template
> git status -z -u
> git symbolic-ref --short HEAD
> git rev-parse master
> git rev-parse --symbolic-full-name master@{u}
> git rev-list --left-right master...refs/remotes/origin/master
> git for-each-ref --format %(refname) %(objectname) --sort -committerdate
> git remote --verbose
Failed to watch ref '/opt/lampp/htdocs/phpCourse/.git/refs/remotes/origin/master', is most likely packed.
Error: ENOENT: no such file or directory, watch '/opt/lampp/htdocs/phpCourse/.git/refs/remotes/origin/master'
	at FSWatcher.start (internal/fs/watchers.js:165:26)
	at Object.watch (fs.js:1270:11)
	at Object.t.watch (/snap/code/23/usr/share/code/resources/app/extensions/git/dist/main.js:1:591370)
	at E.updateTransientWatchers (/snap/code/23/usr/share/code/resources/app/extensions/git/dist/main.js:1:123066)
	at l.fire (/snap/code/23/usr/share/code/resources/app/out/vs/workbench/services/extensions/node/extensionHostProcess.js:46:913)
	at T.updateModelState (/snap/code/23/usr/share/code/resources/app/extensions/git/dist/main.js:1:141851)
> git config --get commit.template
> git status -z -u
> git symbolic-ref --short HEAD
> git rev-parse master
> git rev-parse --symbolic-full-name master@{u}
> git rev-list --left-right master...refs/remotes/origin/master
> git for-each-ref --format %(refname) %(objectname) --sort -committerdate
> git remote --verbose
Failed to watch ref '/opt/lampp/htdocs/phpCourse/.git/refs/remotes/origin/master', is most likely packed.
Error: ENOENT: no such file or directory, watch '/opt/lampp/htdocs/phpCourse/.git/refs/remotes/origin/master'
	at FSWatcher.start (internal/fs/watchers.js:165:26)
	at Object.watch (fs.js:1270:11)
	at Object.t.watch (/snap/code/23/usr/share/code/resources/app/extensions/git/dist/main.js:1:591370)
	at E.updateTransientWatchers (/snap/code/23/usr/share/code/resources/app/extensions/git/dist/main.js:1:123066)
	at l.fire (/snap/code/23/usr/share/code/resources/app/out/vs/workbench/services/extensions/node/extensionHostProcess.js:46:913)
	at T.updateModelState (/snap/code/23/usr/share/code/resources/app/extensions/git/dist/main.js:1:141851)
> git config --get commit.template
> git status -z -u
> git symbolic-ref --short HEAD
> git rev-parse master
> git rev-parse --symbolic-full-name master@{u}
> git rev-list --left-right master...refs/remotes/origin/master
> git for-each-ref --format %(refname) %(objectname) --sort -committerdate
> git remote --verbose
Failed to watch ref '/opt/lampp/htdocs/phpCourse/.git/refs/remotes/origin/master', is most likely packed.
Error: ENOENT: no such file or directory, watch '/opt/lampp/htdocs/phpCourse/.git/refs/remotes/origin/master'
	at FSWatcher.start (internal/fs/watchers.js:165:26)
	at Object.watch (fs.js:1270:11)
	at Object.t.watch (/snap/code/23/usr/share/code/resources/app/extensions/git/dist/main.js:1:591370)
	at E.updateTransientWatchers (/snap/code/23/usr/share/code/resources/app/extensions/git/dist/main.js:1:123066)
	at l.fire (/snap/code/23/usr/share/code/resources/app/out/vs/workbench/services/extensions/node/extensionHostProcess.js:46:913)
	at T.updateModelState (/snap/code/23/usr/share/code/resources/app/extensions/git/dist/main.js:1:141851)
> git config --get commit.template
> git status -z -u
> git symbolic-ref --short HEAD
> git rev-parse master
> git rev-parse --symbolic-full-name master@{u}
> git rev-list --left-right master...refs/remotes/origin/master
> git for-each-ref --format %(refname) %(objectname) --sort -committerdate
> git remote --verbose
Failed to watch ref '/opt/lampp/htdocs/phpCourse/.git/refs/remotes/origin/master', is most likely packed.
Error: ENOENT: no such file or directory, watch '/opt/lampp/htdocs/phpCourse/.git/refs/remotes/origin/master'
	at FSWatcher.start (internal/fs/watchers.js:165:26)
	at Object.watch (fs.js:1270:11)
	at Object.t.watch (/snap/code/23/usr/share/code/resources/app/extensions/git/dist/main.js:1:591370)
	at E.updateTransientWatchers (/snap/code/23/usr/share/code/resources/app/extensions/git/dist/main.js:1:123066)
	at l.fire (/snap/code/23/usr/share/code/resources/app/out/vs/workbench/services/extensions/node/extensionHostProcess.js:46:913)
	at T.updateModelState (/snap/code/23/usr/share/code/resources/app/extensions/git/dist/main.js:1:141851)
> git config --get commit.template
> git status -z -u
> git symbolic-ref --short HEAD
> git rev-parse master
> git rev-parse --symbolic-full-name master@{u}
> git rev-list --left-right master...refs/remotes/origin/master
> git for-each-ref --format %(refname) %(objectname) --sort -committerdate
> git remote --verbose
Failed to watch ref '/opt/lampp/htdocs/phpCourse/.git/refs/remotes/origin/master', is most likely packed.
Error: ENOENT: no such file or directory, watch '/opt/lampp/htdocs/phpCourse/.git/refs/remotes/origin/master'
	at FSWatcher.start (internal/fs/watchers.js:165:26)
	at Object.watch (fs.js:1270:11)
	at Object.t.watch (/snap/code/23/usr/share/code/resources/app/extensions/git/dist/main.js:1:591370)
	at E.updateTransientWatchers (/snap/code/23/usr/share/code/resources/app/extensions/git/dist/main.js:1:123066)
	at l.fire (/snap/code/23/usr/share/code/resources/app/out/vs/workbench/services/extensions/node/extensionHostProcess.js:46:913)
	at T.updateModelState (/snap/code/23/usr/share/code/resources/app/extensions/git/dist/main.js:1:141851)
> git config --get commit.template
> git status -z -u
> git symbolic-ref --short HEAD
> git rev-parse master
> git rev-parse --symbolic-full-name master@{u}
> git rev-list --left-right master...refs/remotes/origin/master
> git for-each-ref --format %(refname) %(objectname) --sort -committerdate
> git remote --verbose
Failed to watch ref '/opt/lampp/htdocs/phpCourse/.git/refs/remotes/origin/master', is most likely packed.
Error: ENOENT: no such file or directory, watch '/opt/lampp/htdocs/phpCourse/.git/refs/remotes/origin/master'
	at FSWatcher.start (internal/fs/watchers.js:165:26)
	at Object.watch (fs.js:1270:11)
	at Object.t.watch (/snap/code/23/usr/share/code/resources/app/extensions/git/dist/main.js:1:591370)
	at E.updateTransientWatchers (/snap/code/23/usr/share/code/resources/app/extensions/git/dist/main.js:1:123066)
	at l.fire (/snap/code/23/usr/share/code/resources/app/out/vs/workbench/services/extensions/node/extensionHostProcess.js:46:913)
	at T.updateModelState (/snap/code/23/usr/share/code/resources/app/extensions/git/dist/main.js:1:141851)
> git config --get commit.template
> git status -z -u
> git symbolic-ref --short HEAD
> git rev-parse master
> git rev-parse --symbolic-full-name master@{u}
> git rev-list --left-right master...refs/remotes/origin/master
> git for-each-ref --format %(refname) %(objectname) --sort -committerdate
> git remote --verbose
Failed to watch ref '/opt/lampp/htdocs/phpCourse/.git/refs/remotes/origin/master', is most likely packed.
Error: ENOENT: no such file or directory, watch '/opt/lampp/htdocs/phpCourse/.git/refs/remotes/origin/master'
	at FSWatcher.start (internal/fs/watchers.js:165:26)
	at Object.watch (fs.js:1270:11)
	at Object.t.watch (/snap/code/23/usr/share/code/resources/app/extensions/git/dist/main.js:1:591370)
	at E.updateTransientWatchers (/snap/code/23/usr/share/code/resources/app/extensions/git/dist/main.js:1:123066)
	at l.fire (/snap/code/23/usr/share/code/resources/app/out/vs/workbench/services/extensions/node/extensionHostProcess.js:46:913)
	at T.updateModelState (/snap/code/23/usr/share/code/resources/app/extensions/git/dist/main.js:1:141851)
> git config --get commit.template
> git show :mytextfile.txt
> git show :file.php
> git status -z -u
> git symbolic-ref --short HEAD
> git rev-parse master
> git rev-parse --symbolic-full-name master@{u}
> git rev-list --left-right master...refs/remotes/origin/master
> git for-each-ref --format %(refname) %(objectname) --sort -committerdate
> git remote --verbose
Failed to watch ref '/opt/lampp/htdocs/phpCourse/.git/refs/remotes/origin/master', is most likely packed.
Error: ENOENT: no such file or directory, watch '/opt/lampp/htdocs/phpCourse/.git/refs/remotes/origin/master'
	at FSWatcher.start (internal/fs/watchers.js:165:26)
	at Object.watch (fs.js:1270:11)
	at Object.t.watch (/snap/code/23/usr/share/code/resources/app/extensions/git/dist/main.js:1:591370)
	at E.updateTransientWatchers (/snap/code/23/usr/share/code/resources/app/extensions/git/dist/main.js:1:123066)
	at l.fire (/snap/code/23/usr/share/code/resources/app/out/vs/workbench/services/extensions/node/extensionHostProcess.js:46:913)
	at T.updateModelState (/snap/code/23/usr/share/code/resources/app/extensions/git/dist/main.js:1:141851)
> git config --get commit.template
> git status -z -u
> git symbolic-ref --short HEAD
> git rev-parse master
> git rev-parse --symbolic-full-name master@{u}
> git rev-list --left-right master...refs/remotes/origin/master
> git for-each-ref --format %(refname) %(objectname) --sort -committerdate
> git remote --verbose
Failed to watch ref '/opt/lampp/htdocs/phpCourse/.git/refs/remotes/origin/master', is most likely packed.
Error: ENOENT: no such file or directory, watch '/opt/lampp/htdocs/phpCourse/.git/refs/remotes/origin/master'
	at FSWatcher.start (internal/fs/watchers.js:165:26)
	at Object.watch (fs.js:1270:11)
	at Object.t.watch (/snap/code/23/usr/share/code/resources/app/extensions/git/dist/main.js:1:591370)
	at E.updateTransientWatchers (/snap/code/23/usr/share/code/resources/app/extensions/git/dist/main.js:1:123066)
	at l.fire (/snap/code/23/usr/share/code/resources/app/out/vs/workbench/services/extensions/node/extensionHostProcess.js:46:913)
	at T.updateModelState (/snap/code/23/usr/share/code/resources/app/extensions/git/dist/main.js:1:141851)
> git config --get commit.template
> git check-ignore -v -z --stdin
> git status -z -u
> git symbolic-ref --short HEAD
> git rev-parse master
> git rev-parse --symbolic-full-name master@{u}
> git rev-list --left-right master...refs/remotes/origin/master
> git for-each-ref --format %(refname) %(objectname) --sort -committerdate
> git remote --verbose
Failed to watch ref '/opt/lampp/htdocs/phpCourse/.git/refs/remotes/origin/master', is most likely packed.
Error: ENOENT: no such file or directory, watch '/opt/lampp/htdocs/phpCourse/.git/refs/remotes/origin/master'
	at FSWatcher.start (internal/fs/watchers.js:165:26)
	at Object.watch (fs.js:1270:11)
	at Object.t.watch (/snap/code/23/usr/share/code/resources/app/extensions/git/dist/main.js:1:591370)
	at E.updateTransientWatchers (/snap/code/23/usr/share/code/resources/app/extensions/git/dist/main.js:1:123066)
	at l.fire (/snap/code/23/usr/share/code/resources/app/out/vs/workbench/services/extensions/node/extensionHostProcess.js:46:913)
	at T.updateModelState (/snap/code/23/usr/share/code/resources/app/extensions/git/dist/main.js:1:141851)
> git config --get commit.template
> git status -z -u
> git symbolic-ref --short HEAD
> git rev-parse master
> git rev-parse --symbolic-full-name master@{u}
> git rev-list --left-right master...refs/remotes/origin/master
> git for-each-ref --format %(refname) %(objectname) --sort -committerdate
> git remote --verbose
Failed to watch ref '/opt/lampp/htdocs/phpCourse/.git/refs/remotes/origin/master', is most likely packed.
Error: ENOENT: no such file or directory, watch '/opt/lampp/htdocs/phpCourse/.git/refs/remotes/origin/master'
	at FSWatcher.start (internal/fs/watchers.js:165:26)
	at Object.watch (fs.js:1270:11)
	at Object.t.watch (/snap/code/23/usr/share/code/resources/app/extensions/git/dist/main.js:1:591370)
	at E.updateTransientWatchers (/snap/code/23/usr/share/code/resources/app/extensions/git/dist/main.js:1:123066)
	at l.fire (/snap/code/23/usr/share/code/resources/app/out/vs/workbench/services/extensions/node/extensionHostProcess.js:46:913)
	at T.updateModelState (/snap/code/23/usr/share/code/resources/app/extensions/git/dist/main.js:1:141851)
> git config --get commit.template
> git check-ignore -v -z --stdin
> git show :oops.php
> git check-ignore -v -z --stdin
> git status -z -u
> git symbolic-ref --short HEAD
> git rev-parse master
> git rev-parse --symbolic-full-name master@{u}
> git rev-list --left-right master...refs/remotes/origin/master
> git for-each-ref --format %(refname) %(objectname) --sort -committerdate
> git remote --verbose
Failed to watch ref '/opt/lampp/htdocs/phpCourse/.git/refs/remotes/origin/master', is most likely packed.
Error: ENOENT: no such file or directory, watch '/opt/lampp/htdocs/phpCourse/.git/refs/remotes/origin/master'
	at FSWatcher.start (internal/fs/watchers.js:165:26)
	at Object.watch (fs.js:1270:11)
	at Object.t.watch (/snap/code/23/usr/share/code/resources/app/extensions/git/dist/main.js:1:591370)
	at E.updateTransientWatchers (/snap/code/23/usr/share/code/resources/app/extensions/git/dist/main.js:1:123066)
	at l.fire (/snap/code/23/usr/share/code/resources/app/out/vs/workbench/services/extensions/node/extensionHostProcess.js:46:913)
	at T.updateModelState (/snap/code/23/usr/share/code/resources/app/extensions/git/dist/main.js:1:141851)
> git config --get commit.template
> git status -z -u
> git symbolic-ref --short HEAD
> git rev-parse master
> git rev-parse --symbolic-full-name master@{u}
> git rev-list --left-right master...refs/remotes/origin/master
> git for-each-ref --format %(refname) %(objectname) --sort -committerdate
> git remote --verbose
Failed to watch ref '/opt/lampp/htdocs/phpCourse/.git/refs/remotes/origin/master', is most likely packed.
Error: ENOENT: no such file or directory, watch '/opt/lampp/htdocs/phpCourse/.git/refs/remotes/origin/master'
	at FSWatcher.start (internal/fs/watchers.js:165:26)
	at Object.watch (fs.js:1270:11)
	at Object.t.watch (/snap/code/23/usr/share/code/resources/app/extensions/git/dist/main.js:1:591370)
	at E.updateTransientWatchers (/snap/code/23/usr/share/code/resources/app/extensions/git/dist/main.js:1:123066)
	at l.fire (/snap/code/23/usr/share/code/resources/app/out/vs/workbench/services/extensions/node/extensionHostProcess.js:46:913)
	at T.updateModelState (/snap/code/23/usr/share/code/resources/app/extensions/git/dist/main.js:1:141851)
> git config --get commit.template
> git status -z -u
> git symbolic-ref --short HEAD
> git rev-parse master
> git rev-parse --symbolic-full-name master@{u}
> git rev-list --left-right master...refs/remotes/origin/master
> git for-each-ref --format %(refname) %(objectname) --sort -committerdate
> git remote --verbose
Failed to watch ref '/opt/lampp/htdocs/phpCourse/.git/refs/remotes/origin/master', is most likely packed.
Error: ENOENT: no such file or directory, watch '/opt/lampp/htdocs/phpCourse/.git/refs/remotes/origin/master'
	at FSWatcher.start (internal/fs/watchers.js:165:26)
	at Object.watch (fs.js:1270:11)
	at Object.t.watch (/snap/code/23/usr/share/code/resources/app/extensions/git/dist/main.js:1:591370)
	at E.updateTransientWatchers (/snap/code/23/usr/share/code/resources/app/extensions/git/dist/main.js:1:123066)
	at l.fire (/snap/code/23/usr/share/code/resources/app/out/vs/workbench/services/extensions/node/extensionHostProcess.js:46:913)
	at T.updateModelState (/snap/code/23/usr/share/code/resources/app/extensions/git/dist/main.js:1:141851)
> git config --get commit.template
> git status -z -u
> git symbolic-ref --short HEAD
> git rev-parse master
> git rev-parse --symbolic-full-name master@{u}
> git rev-list --left-right master...refs/remotes/origin/master
> git for-each-ref --format %(refname) %(objectname) --sort -committerdate
> git remote --verbose
Failed to watch ref '/opt/lampp/htdocs/phpCourse/.git/refs/remotes/origin/master', is most likely packed.
Error: ENOENT: no such file or directory, watch '/opt/lampp/htdocs/phpCourse/.git/refs/remotes/origin/master'
	at FSWatcher.start (internal/fs/watchers.js:165:26)
	at Object.watch (fs.js:1270:11)
	at Object.t.watch (/snap/code/23/usr/share/code/resources/app/extensions/git/dist/main.js:1:591370)
	at E.updateTransientWatchers (/snap/code/23/usr/share/code/resources/app/extensions/git/dist/main.js:1:123066)
	at l.fire (/snap/code/23/usr/share/code/resources/app/out/vs/workbench/services/extensions/node/extensionHostProcess.js:46:913)
	at T.updateModelState (/snap/code/23/usr/share/code/resources/app/extensions/git/dist/main.js:1:141851)
> git config --get commit.template
> git status -z -u
> git symbolic-ref --short HEAD
> git rev-parse master
> git rev-parse --symbolic-full-name master@{u}
> git rev-list --left-right master...refs/remotes/origin/master
> git for-each-ref --format %(refname) %(objectname) --sort -committerdate
> git remote --verbose
Failed to watch ref '/opt/lampp/htdocs/phpCourse/.git/refs/remotes/origin/master', is most likely packed.
Error: ENOENT: no such file or directory, watch '/opt/lampp/htdocs/phpCourse/.git/refs/remotes/origin/master'
	at FSWatcher.start (internal/fs/watchers.js:165:26)
	at Object.watch (fs.js:1270:11)
	at Object.t.watch (/snap/code/23/usr/share/code/resources/app/extensions/git/dist/main.js:1:591370)
	at E.updateTransientWatchers (/snap/code/23/usr/share/code/resources/app/extensions/git/dist/main.js:1:123066)
	at l.fire (/snap/code/23/usr/share/code/resources/app/out/vs/workbench/services/extensions/node/extensionHostProcess.js:46:913)
	at T.updateModelState (/snap/code/23/usr/share/code/resources/app/extensions/git/dist/main.js:1:141851)
> git config --get commit.template
> git status -z -u
> git symbolic-ref --short HEAD
> git rev-parse master
> git rev-parse --symbolic-full-name master@{u}
> git rev-list --left-right master...refs/remotes/origin/master
> git for-each-ref --format %(refname) %(objectname) --sort -committerdate
> git remote --verbose
Failed to watch ref '/opt/lampp/htdocs/phpCourse/.git/refs/remotes/origin/master', is most likely packed.
Error: ENOENT: no such file or directory, watch '/opt/lampp/htdocs/phpCourse/.git/refs/remotes/origin/master'
	at FSWatcher.start (internal/fs/watchers.js:165:26)
	at Object.watch (fs.js:1270:11)
	at Object.t.watch (/snap/code/23/usr/share/code/resources/app/extensions/git/dist/main.js:1:591370)
	at E.updateTransientWatchers (/snap/code/23/usr/share/code/resources/app/extensions/git/dist/main.js:1:123066)
	at l.fire (/snap/code/23/usr/share/code/resources/app/out/vs/workbench/services/extensions/node/extensionHostProcess.js:46:913)
	at T.updateModelState (/snap/code/23/usr/share/code/resources/app/extensions/git/dist/main.js:1:141851)
> git config --get commit.template
> git status -z -u
> git symbolic-ref --short HEAD
> git rev-parse master
> git rev-parse --symbolic-full-name master@{u}
> git rev-list --left-right master...refs/remotes/origin/master
> git for-each-ref --format %(refname) %(objectname) --sort -committerdate
> git remote --verbose
Failed to watch ref '/opt/lampp/htdocs/phpCourse/.git/refs/remotes/origin/master', is most likely packed.
Error: ENOENT: no such file or directory, watch '/opt/lampp/htdocs/phpCourse/.git/refs/remotes/origin/master'
	at FSWatcher.start (internal/fs/watchers.js:165:26)
	at Object.watch (fs.js:1270:11)
	at Object.t.watch (/snap/code/23/usr/share/code/resources/app/extensions/git/dist/main.js:1:591370)
	at E.updateTransientWatchers (/snap/code/23/usr/share/code/resources/app/extensions/git/dist/main.js:1:123066)
	at l.fire (/snap/code/23/usr/share/code/resources/app/out/vs/workbench/services/extensions/node/extensionHostProcess.js:46:913)
	at T.updateModelState (/snap/code/23/usr/share/code/resources/app/extensions/git/dist/main.js:1:141851)
> git config --get commit.template
> git status -z -u
> git symbolic-ref --short HEAD
> git rev-parse master
> git rev-parse --symbolic-full-name master@{u}
> git rev-list --left-right master...refs/remotes/origin/master
> git for-each-ref --format %(refname) %(objectname) --sort -committerdate
> git remote --verbose
Failed to watch ref '/opt/lampp/htdocs/phpCourse/.git/refs/remotes/origin/master', is most likely packed.
Error: ENOENT: no such file or directory, watch '/opt/lampp/htdocs/phpCourse/.git/refs/remotes/origin/master'
	at FSWatcher.start (internal/fs/watchers.js:165:26)
	at Object.watch (fs.js:1270:11)
	at Object.t.watch (/snap/code/23/usr/share/code/resources/app/extensions/git/dist/main.js:1:591370)
	at E.updateTransientWatchers (/snap/code/23/usr/share/code/resources/app/extensions/git/dist/main.js:1:123066)
	at l.fire (/snap/code/23/usr/share/code/resources/app/out/vs/workbench/services/extensions/node/extensionHostProcess.js:46:913)
	at T.updateModelState (/snap/code/23/usr/share/code/resources/app/extensions/git/dist/main.js:1:141851)
> git config --get commit.template
> git status -z -u
> git symbolic-ref --short HEAD
> git rev-parse master
> git rev-parse --symbolic-full-name master@{u}
> git rev-list --left-right master...refs/remotes/origin/master
> git for-each-ref --format %(refname) %(objectname) --sort -committerdate
> git remote --verbose
Failed to watch ref '/opt/lampp/htdocs/phpCourse/.git/refs/remotes/origin/master', is most likely packed.
Error: ENOENT: no such file or directory, watch '/opt/lampp/htdocs/phpCourse/.git/refs/remotes/origin/master'
	at FSWatcher.start (internal/fs/watchers.js:165:26)
	at Object.watch (fs.js:1270:11)
	at Object.t.watch (/snap/code/23/usr/share/code/resources/app/extensions/git/dist/main.js:1:591370)
	at E.updateTransientWatchers (/snap/code/23/usr/share/code/resources/app/extensions/git/dist/main.js:1:123066)
	at l.fire (/snap/code/23/usr/share/code/resources/app/out/vs/workbench/services/extensions/node/extensionHostProcess.js:46:913)
	at T.updateModelState (/snap/code/23/usr/share/code/resources/app/extensions/git/dist/main.js:1:141851)
> git config --get commit.template
> git status -z -u
> git symbolic-ref --short HEAD
> git rev-parse master
> git rev-parse --symbolic-full-name master@{u}
> git rev-list --left-right master...refs/remotes/origin/master
> git for-each-ref --format %(refname) %(objectname) --sort -committerdate
> git remote --verbose
Failed to watch ref '/opt/lampp/htdocs/phpCourse/.git/refs/remotes/origin/master', is most likely packed.
Error: ENOENT: no such file or directory, watch '/opt/lampp/htdocs/phpCourse/.git/refs/remotes/origin/master'
	at FSWatcher.start (internal/fs/watchers.js:165:26)
	at Object.watch (fs.js:1270:11)
	at Object.t.watch (/snap/code/23/usr/share/code/resources/app/extensions/git/dist/main.js:1:591370)
	at E.updateTransientWatchers (/snap/code/23/usr/share/code/resources/app/extensions/git/dist/main.js:1:123066)
	at l.fire (/snap/code/23/usr/share/code/resources/app/out/vs/workbench/services/extensions/node/extensionHostProcess.js:46:913)
	at T.updateModelState (/snap/code/23/usr/share/code/resources/app/extensions/git/dist/main.js:1:141851)
> git config --get commit.template
> git status -z -u
> git symbolic-ref --short HEAD
> git rev-parse master
> git rev-parse --symbolic-full-name master@{u}
> git rev-list --left-right master...refs/remotes/origin/master
> git for-each-ref --format %(refname) %(objectname) --sort -committerdate
> git remote --verbose
Failed to watch ref '/opt/lampp/htdocs/phpCourse/.git/refs/remotes/origin/master', is most likely packed.
Error: ENOENT: no such file or directory, watch '/opt/lampp/htdocs/phpCourse/.git/refs/remotes/origin/master'
	at FSWatcher.start (internal/fs/watchers.js:165:26)
	at Object.watch (fs.js:1270:11)
	at Object.t.watch (/snap/code/23/usr/share/code/resources/app/extensions/git/dist/main.js:1:591370)
	at E.updateTransientWatchers (/snap/code/23/usr/share/code/resources/app/extensions/git/dist/main.js:1:123066)
	at l.fire (/snap/code/23/usr/share/code/resources/app/out/vs/workbench/services/extensions/node/extensionHostProcess.js:46:913)
	at T.updateModelState (/snap/code/23/usr/share/code/resources/app/extensions/git/dist/main.js:1:141851)
> git config --get commit.template
> git status -z -u
> git symbolic-ref --short HEAD
> git rev-parse master
> git rev-parse --symbolic-full-name master@{u}
> git rev-list --left-right master...refs/remotes/origin/master
> git for-each-ref --format %(refname) %(objectname) --sort -committerdate
> git remote --verbose
Failed to watch ref '/opt/lampp/htdocs/phpCourse/.git/refs/remotes/origin/master', is most likely packed.
Error: ENOENT: no such file or directory, watch '/opt/lampp/htdocs/phpCourse/.git/refs/remotes/origin/master'
	at FSWatcher.start (internal/fs/watchers.js:165:26)
	at Object.watch (fs.js:1270:11)
	at Object.t.watch (/snap/code/23/usr/share/code/resources/app/extensions/git/dist/main.js:1:591370)
	at E.updateTransientWatchers (/snap/code/23/usr/share/code/resources/app/extensions/git/dist/main.js:1:123066)
	at l.fire (/snap/code/23/usr/share/code/resources/app/out/vs/workbench/services/extensions/node/extensionHostProcess.js:46:913)
	at T.updateModelState (/snap/code/23/usr/share/code/resources/app/extensions/git/dist/main.js:1:141851)
> git config --get commit.template
> git status -z -u
> git symbolic-ref --short HEAD
> git rev-parse master
> git rev-parse --symbolic-full-name master@{u}
> git rev-list --left-right master...refs/remotes/origin/master
> git for-each-ref --format %(refname) %(objectname) --sort -committerdate
> git remote --verbose
Failed to watch ref '/opt/lampp/htdocs/phpCourse/.git/refs/remotes/origin/master', is most likely packed.
Error: ENOENT: no such file or directory, watch '/opt/lampp/htdocs/phpCourse/.git/refs/remotes/origin/master'
	at FSWatcher.start (internal/fs/watchers.js:165:26)
	at Object.watch (fs.js:1270:11)
	at Object.t.watch (/snap/code/23/usr/share/code/resources/app/extensions/git/dist/main.js:1:591370)
	at E.updateTransientWatchers (/snap/code/23/usr/share/code/resources/app/extensions/git/dist/main.js:1:123066)
	at l.fire (/snap/code/23/usr/share/code/resources/app/out/vs/workbench/services/extensions/node/extensionHostProcess.js:46:913)
	at T.updateModelState (/snap/code/23/usr/share/code/resources/app/extensions/git/dist/main.js:1:141851)
> git config --get commit.template
> git status -z -u
> git symbolic-ref --short HEAD
> git rev-parse master
> git rev-parse --symbolic-full-name master@{u}
> git rev-list --left-right master...refs/remotes/origin/master
> git for-each-ref --format %(refname) %(objectname) --sort -committerdate
> git remote --verbose
Failed to watch ref '/opt/lampp/htdocs/phpCourse/.git/refs/remotes/origin/master', is most likely packed.
Error: ENOENT: no such file or directory, watch '/opt/lampp/htdocs/phpCourse/.git/refs/remotes/origin/master'
	at FSWatcher.start (internal/fs/watchers.js:165:26)
	at Object.watch (fs.js:1270:11)
	at Object.t.watch (/snap/code/23/usr/share/code/resources/app/extensions/git/dist/main.js:1:591370)
	at E.updateTransientWatchers (/snap/code/23/usr/share/code/resources/app/extensions/git/dist/main.js:1:123066)
	at l.fire (/snap/code/23/usr/share/code/resources/app/out/vs/workbench/services/extensions/node/extensionHostProcess.js:46:913)
	at T.updateModelState (/snap/code/23/usr/share/code/resources/app/extensions/git/dist/main.js:1:141851)
> git config --get commit.template
> git status -z -u
> git symbolic-ref --short HEAD
> git rev-parse master
> git rev-parse --symbolic-full-name master@{u}
> git rev-list --left-right master...refs/remotes/origin/master
> git for-each-ref --format %(refname) %(objectname) --sort -committerdate
> git remote --verbose
Failed to watch ref '/opt/lampp/htdocs/phpCourse/.git/refs/remotes/origin/master', is most likely packed.
Error: ENOENT: no such file or directory, watch '/opt/lampp/htdocs/phpCourse/.git/refs/remotes/origin/master'
	at FSWatcher.start (internal/fs/watchers.js:165:26)
	at Object.watch (fs.js:1270:11)
	at Object.t.watch (/snap/code/23/usr/share/code/resources/app/extensions/git/dist/main.js:1:591370)
	at E.updateTransientWatchers (/snap/code/23/usr/share/code/resources/app/extensions/git/dist/main.js:1:123066)
	at l.fire (/snap/code/23/usr/share/code/resources/app/out/vs/workbench/services/extensions/node/extensionHostProcess.js:46:913)
	at T.updateModelState (/snap/code/23/usr/share/code/resources/app/extensions/git/dist/main.js:1:141851)
> git config --get commit.template
> git status -z -u
> git symbolic-ref --short HEAD
> git rev-parse master
> git rev-parse --symbolic-full-name master@{u}
> git rev-list --left-right master...refs/remotes/origin/master
> git for-each-ref --format %(refname) %(objectname) --sort -committerdate
> git remote --verbose
Failed to watch ref '/opt/lampp/htdocs/phpCourse/.git/refs/remotes/origin/master', is most likely packed.
Error: ENOENT: no such file or directory, watch '/opt/lampp/htdocs/phpCourse/.git/refs/remotes/origin/master'
	at FSWatcher.start (internal/fs/watchers.js:165:26)
	at Object.watch (fs.js:1270:11)
	at Object.t.watch (/snap/code/23/usr/share/code/resources/app/extensions/git/dist/main.js:1:591370)
	at E.updateTransientWatchers (/snap/code/23/usr/share/code/resources/app/extensions/git/dist/main.js:1:123066)
	at l.fire (/snap/code/23/usr/share/code/resources/app/out/vs/workbench/services/extensions/node/extensionHostProcess.js:46:913)
	at T.updateModelState (/snap/code/23/usr/share/code/resources/app/extensions/git/dist/main.js:1:141851)
> git config --get commit.template
> git status -z -u
> git symbolic-ref --short HEAD
> git rev-parse master
> git rev-parse --symbolic-full-name master@{u}
> git rev-list --left-right master...refs/remotes/origin/master
> git for-each-ref --format %(refname) %(objectname) --sort -committerdate
> git remote --verbose
Failed to watch ref '/opt/lampp/htdocs/phpCourse/.git/refs/remotes/origin/master', is most likely packed.
Error: ENOENT: no such file or directory, watch '/opt/lampp/htdocs/phpCourse/.git/refs/remotes/origin/master'
	at FSWatcher.start (internal/fs/watchers.js:165:26)
	at Object.watch (fs.js:1270:11)
	at Object.t.watch (/snap/code/23/usr/share/code/resources/app/extensions/git/dist/main.js:1:591370)
	at E.updateTransientWatchers (/snap/code/23/usr/share/code/resources/app/extensions/git/dist/main.js:1:123066)
	at l.fire (/snap/code/23/usr/share/code/resources/app/out/vs/workbench/services/extensions/node/extensionHostProcess.js:46:913)
	at T.updateModelState (/snap/code/23/usr/share/code/resources/app/extensions/git/dist/main.js:1:141851)
> git config --get commit.template
> git status -z -u
> git symbolic-ref --short HEAD
> git rev-parse master
> git rev-parse --symbolic-full-name master@{u}
> git rev-list --left-right master...refs/remotes/origin/master
> git for-each-ref --format %(refname) %(objectname) --sort -committerdate
> git remote --verbose
Failed to watch ref '/opt/lampp/htdocs/phpCourse/.git/refs/remotes/origin/master', is most likely packed.
Error: ENOENT: no such file or directory, watch '/opt/lampp/htdocs/phpCourse/.git/refs/remotes/origin/master'
	at FSWatcher.start (internal/fs/watchers.js:165:26)
	at Object.watch (fs.js:1270:11)
	at Object.t.watch (/snap/code/23/usr/share/code/resources/app/extensions/git/dist/main.js:1:591370)
	at E.updateTransientWatchers (/snap/code/23/usr/share/code/resources/app/extensions/git/dist/main.js:1:123066)
	at l.fire (/snap/code/23/usr/share/code/resources/app/out/vs/workbench/services/extensions/node/extensionHostProcess.js:46:913)
	at T.updateModelState (/snap/code/23/usr/share/code/resources/app/extensions/git/dist/main.js:1:141851)
> git config --get commit.template
> git status -z -u
> git symbolic-ref --short HEAD
> git rev-parse master
> git rev-parse --symbolic-full-name master@{u}
> git rev-list --left-right master...refs/remotes/origin/master
> git for-each-ref --format %(refname) %(objectname) --sort -committerdate
> git remote --verbose
Failed to watch ref '/opt/lampp/htdocs/phpCourse/.git/refs/remotes/origin/master', is most likely packed.
Error: ENOENT: no such file or directory, watch '/opt/lampp/htdocs/phpCourse/.git/refs/remotes/origin/master'
	at FSWatcher.start (internal/fs/watchers.js:165:26)
	at Object.watch (fs.js:1270:11)
	at Object.t.watch (/snap/code/23/usr/share/code/resources/app/extensions/git/dist/main.js:1:591370)
	at E.updateTransientWatchers (/snap/code/23/usr/share/code/resources/app/extensions/git/dist/main.js:1:123066)
	at l.fire (/snap/code/23/usr/share/code/resources/app/out/vs/workbench/services/extensions/node/extensionHostProcess.js:46:913)
	at T.updateModelState (/snap/code/23/usr/share/code/resources/app/extensions/git/dist/main.js:1:141851)
> git config --get commit.template
> git status -z -u
> git symbolic-ref --short HEAD
> git rev-parse master
> git rev-parse --symbolic-full-name master@{u}
> git rev-list --left-right master...refs/remotes/origin/master
> git for-each-ref --format %(refname) %(objectname) --sort -committerdate
> git remote --verbose
Failed to watch ref '/opt/lampp/htdocs/phpCourse/.git/refs/remotes/origin/master', is most likely packed.
Error: ENOENT: no such file or directory, watch '/opt/lampp/htdocs/phpCourse/.git/refs/remotes/origin/master'
	at FSWatcher.start (internal/fs/watchers.js:165:26)
	at Object.watch (fs.js:1270:11)
	at Object.t.watch (/snap/code/23/usr/share/code/resources/app/extensions/git/dist/main.js:1:591370)
	at E.updateTransientWatchers (/snap/code/23/usr/share/code/resources/app/extensions/git/dist/main.js:1:123066)
	at l.fire (/snap/code/23/usr/share/code/resources/app/out/vs/workbench/services/extensions/node/extensionHostProcess.js:46:913)
	at T.updateModelState (/snap/code/23/usr/share/code/resources/app/extensions/git/dist/main.js:1:141851)
> git config --get commit.template
> git status -z -u
> git symbolic-ref --short HEAD
> git rev-parse master
> git rev-parse --symbolic-full-name master@{u}
> git rev-list --left-right master...refs/remotes/origin/master
> git for-each-ref --format %(refname) %(objectname) --sort -committerdate
> git remote --verbose
Failed to watch ref '/opt/lampp/htdocs/phpCourse/.git/refs/remotes/origin/master', is most likely packed.
Error: ENOENT: no such file or directory, watch '/opt/lampp/htdocs/phpCourse/.git/refs/remotes/origin/master'
	at FSWatcher.start (internal/fs/watchers.js:165:26)
	at Object.watch (fs.js:1270:11)
	at Object.t.watch (/snap/code/23/usr/share/code/resources/app/extensions/git/dist/main.js:1:591370)
	at E.updateTransientWatchers (/snap/code/23/usr/share/code/resources/app/extensions/git/dist/main.js:1:123066)
	at l.fire (/snap/code/23/usr/share/code/resources/app/out/vs/workbench/services/extensions/node/extensionHostProcess.js:46:913)
	at T.updateModelState (/snap/code/23/usr/share/code/resources/app/extensions/git/dist/main.js:1:141851)
> git config --get commit.template
> git status -z -u
> git symbolic-ref --short HEAD
> git rev-parse master
> git rev-parse --symbolic-full-name master@{u}
> git rev-list --left-right master...refs/remotes/origin/master
> git for-each-ref --format %(refname) %(objectname) --sort -committerdate
> git remote --verbose
Failed to watch ref '/opt/lampp/htdocs/phpCourse/.git/refs/remotes/origin/master', is most likely packed.
Error: ENOENT: no such file or directory, watch '/opt/lampp/htdocs/phpCourse/.git/refs/remotes/origin/master'
	at FSWatcher.start (internal/fs/watchers.js:165:26)
	at Object.watch (fs.js:1270:11)
	at Object.t.watch (/snap/code/23/usr/share/code/resources/app/extensions/git/dist/main.js:1:591370)
	at E.updateTransientWatchers (/snap/code/23/usr/share/code/resources/app/extensions/git/dist/main.js:1:123066)
	at l.fire (/snap/code/23/usr/share/code/resources/app/out/vs/workbench/services/extensions/node/extensionHostProcess.js:46:913)
	at T.updateModelState (/snap/code/23/usr/share/code/resources/app/extensions/git/dist/main.js:1:141851)
> git config --get commit.template
> git status -z -u
> git symbolic-ref --short HEAD
> git rev-parse master
> git rev-parse --symbolic-full-name master@{u}
> git rev-list --left-right master...refs/remotes/origin/master
> git for-each-ref --format %(refname) %(objectname) --sort -committerdate
> git remote --verbose
Failed to watch ref '/opt/lampp/htdocs/phpCourse/.git/refs/remotes/origin/master', is most likely packed.
Error: ENOENT: no such file or directory, watch '/opt/lampp/htdocs/phpCourse/.git/refs/remotes/origin/master'
	at FSWatcher.start (internal/fs/watchers.js:165:26)
	at Object.watch (fs.js:1270:11)
	at Object.t.watch (/snap/code/23/usr/share/code/resources/app/extensions/git/dist/main.js:1:591370)
	at E.updateTransientWatchers (/snap/code/23/usr/share/code/resources/app/extensions/git/dist/main.js:1:123066)
	at l.fire (/snap/code/23/usr/share/code/resources/app/out/vs/workbench/services/extensions/node/extensionHostProcess.js:46:913)
	at T.updateModelState (/snap/code/23/usr/share/code/resources/app/extensions/git/dist/main.js:1:141851)
> git config --get commit.template
> git status -z -u
> git symbolic-ref --short HEAD
> git rev-parse master
> git rev-parse --symbolic-full-name master@{u}
> git rev-list --left-right master...refs/remotes/origin/master
> git for-each-ref --format %(refname) %(objectname) --sort -committerdate
> git remote --verbose
Failed to watch ref '/opt/lampp/htdocs/phpCourse/.git/refs/remotes/origin/master', is most likely packed.
Error: ENOENT: no such file or directory, watch '/opt/lampp/htdocs/phpCourse/.git/refs/remotes/origin/master'
	at FSWatcher.start (internal/fs/watchers.js:165:26)
	at Object.watch (fs.js:1270:11)
	at Object.t.watch (/snap/code/23/usr/share/code/resources/app/extensions/git/dist/main.js:1:591370)
	at E.updateTransientWatchers (/snap/code/23/usr/share/code/resources/app/extensions/git/dist/main.js:1:123066)
	at l.fire (/snap/code/23/usr/share/code/resources/app/out/vs/workbench/services/extensions/node/extensionHostProcess.js:46:913)
	at T.updateModelState (/snap/code/23/usr/share/code/resources/app/extensions/git/dist/main.js:1:141851)
> git config --get commit.template
> git status -z -u
> git symbolic-ref --short HEAD
> git rev-parse master
> git rev-parse --symbolic-full-name master@{u}
> git rev-list --left-right master...refs/remotes/origin/master
> git for-each-ref --format %(refname) %(objectname) --sort -committerdate
> git remote --verbose
Failed to watch ref '/opt/lampp/htdocs/phpCourse/.git/refs/remotes/origin/master', is most likely packed.
Error: ENOENT: no such file or directory, watch '/opt/lampp/htdocs/phpCourse/.git/refs/remotes/origin/master'
	at FSWatcher.start (internal/fs/watchers.js:165:26)
	at Object.watch (fs.js:1270:11)
	at Object.t.watch (/snap/code/23/usr/share/code/resources/app/extensions/git/dist/main.js:1:591370)
	at E.updateTransientWatchers (/snap/code/23/usr/share/code/resources/app/extensions/git/dist/main.js:1:123066)
	at l.fire (/snap/code/23/usr/share/code/resources/app/out/vs/workbench/services/extensions/node/extensionHostProcess.js:46:913)
	at T.updateModelState (/snap/code/23/usr/share/code/resources/app/extensions/git/dist/main.js:1:141851)
> git config --get commit.template
> git status -z -u
> git symbolic-ref --short HEAD
> git rev-parse master
> git rev-parse --symbolic-full-name master@{u}
> git rev-list --left-right master...refs/remotes/origin/master
> git for-each-ref --format %(refname) %(objectname) --sort -committerdate
> git remote --verbose
Failed to watch ref '/opt/lampp/htdocs/phpCourse/.git/refs/remotes/origin/master', is most likely packed.
Error: ENOENT: no such file or directory, watch '/opt/lampp/htdocs/phpCourse/.git/refs/remotes/origin/master'
	at FSWatcher.start (internal/fs/watchers.js:165:26)
	at Object.watch (fs.js:1270:11)
	at Object.t.watch (/snap/code/23/usr/share/code/resources/app/extensions/git/dist/main.js:1:591370)
	at E.updateTransientWatchers (/snap/code/23/usr/share/code/resources/app/extensions/git/dist/main.js:1:123066)
	at l.fire (/snap/code/23/usr/share/code/resources/app/out/vs/workbench/services/extensions/node/extensionHostProcess.js:46:913)
	at T.updateModelState (/snap/code/23/usr/share/code/resources/app/extensions/git/dist/main.js:1:141851)
> git config --get commit.template
> git status -z -u
> git symbolic-ref --short HEAD
> git rev-parse master
> git rev-parse --symbolic-full-name master@{u}
> git rev-list --left-right master...refs/remotes/origin/master
> git for-each-ref --format %(refname) %(objectname) --sort -committerdate
> git remote --verbose
Failed to watch ref '/opt/lampp/htdocs/phpCourse/.git/refs/remotes/origin/master', is most likely packed.
Error: ENOENT: no such file or directory, watch '/opt/lampp/htdocs/phpCourse/.git/refs/remotes/origin/master'
	at FSWatcher.start (internal/fs/watchers.js:165:26)
	at Object.watch (fs.js:1270:11)
	at Object.t.watch (/snap/code/23/usr/share/code/resources/app/extensions/git/dist/main.js:1:591370)
	at E.updateTransientWatchers (/snap/code/23/usr/share/code/resources/app/extensions/git/dist/main.js:1:123066)
	at l.fire (/snap/code/23/usr/share/code/resources/app/out/vs/workbench/services/extensions/node/extensionHostProcess.js:46:913)
	at T.updateModelState (/snap/code/23/usr/share/code/resources/app/extensions/git/dist/main.js:1:141851)
> git config --get commit.template
> git status -z -u
> git symbolic-ref --short HEAD
> git rev-parse master
> git rev-parse --symbolic-full-name master@{u}
> git rev-list --left-right master...refs/remotes/origin/master
> git for-each-ref --format %(refname) %(objectname) --sort -committerdate
> git remote --verbose
Failed to watch ref '/opt/lampp/htdocs/phpCourse/.git/refs/remotes/origin/master', is most likely packed.
Error: ENOENT: no such file or directory, watch '/opt/lampp/htdocs/phpCourse/.git/refs/remotes/origin/master'
	at FSWatcher.start (internal/fs/watchers.js:165:26)
	at Object.watch (fs.js:1270:11)
	at Object.t.watch (/snap/code/23/usr/share/code/resources/app/extensions/git/dist/main.js:1:591370)
	at E.updateTransientWatchers (/snap/code/23/usr/share/code/resources/app/extensions/git/dist/main.js:1:123066)
	at l.fire (/snap/code/23/usr/share/code/resources/app/out/vs/workbench/services/extensions/node/extensionHostProcess.js:46:913)
	at T.updateModelState (/snap/code/23/usr/share/code/resources/app/extensions/git/dist/main.js:1:141851)
> git config --get commit.template
> git status -z -u
> git symbolic-ref --short HEAD
> git rev-parse master
> git rev-parse --symbolic-full-name master@{u}
> git rev-list --left-right master...refs/remotes/origin/master
> git for-each-ref --format %(refname) %(objectname) --sort -committerdate
> git remote --verbose
Failed to watch ref '/opt/lampp/htdocs/phpCourse/.git/refs/remotes/origin/master', is most likely packed.
Error: ENOENT: no such file or directory, watch '/opt/lampp/htdocs/phpCourse/.git/refs/remotes/origin/master'
	at FSWatcher.start (internal/fs/watchers.js:165:26)
	at Object.watch (fs.js:1270:11)
	at Object.t.watch (/snap/code/23/usr/share/code/resources/app/extensions/git/dist/main.js:1:591370)
	at E.updateTransientWatchers (/snap/code/23/usr/share/code/resources/app/extensions/git/dist/main.js:1:123066)
	at l.fire (/snap/code/23/usr/share/code/resources/app/out/vs/workbench/services/extensions/node/extensionHostProcess.js:46:913)
	at T.updateModelState (/snap/code/23/usr/share/code/resources/app/extensions/git/dist/main.js:1:141851)
> git config --get commit.template
> git status -z -u
> git symbolic-ref --short HEAD
> git rev-parse master
> git rev-parse --symbolic-full-name master@{u}
> git rev-list --left-right master...refs/remotes/origin/master
> git for-each-ref --format %(refname) %(objectname) --sort -committerdate
> git remote --verbose
Failed to watch ref '/opt/lampp/htdocs/phpCourse/.git/refs/remotes/origin/master', is most likely packed.
Error: ENOENT: no such file or directory, watch '/opt/lampp/htdocs/phpCourse/.git/refs/remotes/origin/master'
	at FSWatcher.start (internal/fs/watchers.js:165:26)
	at Object.watch (fs.js:1270:11)
	at Object.t.watch (/snap/code/23/usr/share/code/resources/app/extensions/git/dist/main.js:1:591370)
	at E.updateTransientWatchers (/snap/code/23/usr/share/code/resources/app/extensions/git/dist/main.js:1:123066)
	at l.fire (/snap/code/23/usr/share/code/resources/app/out/vs/workbench/services/extensions/node/extensionHostProcess.js:46:913)
	at T.updateModelState (/snap/code/23/usr/share/code/resources/app/extensions/git/dist/main.js:1:141851)
> git config --get commit.template
> git status -z -u
> git symbolic-ref --short HEAD
> git rev-parse master
> git rev-parse --symbolic-full-name master@{u}
> git rev-list --left-right master...refs/remotes/origin/master
> git for-each-ref --format %(refname) %(objectname) --sort -committerdate
> git remote --verbose
Failed to watch ref '/opt/lampp/htdocs/phpCourse/.git/refs/remotes/origin/master', is most likely packed.
Error: ENOENT: no such file or directory, watch '/opt/lampp/htdocs/phpCourse/.git/refs/remotes/origin/master'
	at FSWatcher.start (internal/fs/watchers.js:165:26)
	at Object.watch (fs.js:1270:11)
	at Object.t.watch (/snap/code/23/usr/share/code/resources/app/extensions/git/dist/main.js:1:591370)
	at E.updateTransientWatchers (/snap/code/23/usr/share/code/resources/app/extensions/git/dist/main.js:1:123066)
	at l.fire (/snap/code/23/usr/share/code/resources/app/out/vs/workbench/services/extensions/node/extensionHostProcess.js:46:913)
	at T.updateModelState (/snap/code/23/usr/share/code/resources/app/extensions/git/dist/main.js:1:141851)
> git config --get commit.template
> git status -z -u
> git symbolic-ref --short HEAD
> git rev-parse master
> git rev-parse --symbolic-full-name master@{u}
> git rev-list --left-right master...refs/remotes/origin/master
> git for-each-ref --format %(refname) %(objectname) --sort -committerdate
> git remote --verbose
Failed to watch ref '/opt/lampp/htdocs/phpCourse/.git/refs/remotes/origin/master', is most likely packed.
Error: ENOENT: no such file or directory, watch '/opt/lampp/htdocs/phpCourse/.git/refs/remotes/origin/master'
	at FSWatcher.start (internal/fs/watchers.js:165:26)
	at Object.watch (fs.js:1270:11)
	at Object.t.watch (/snap/code/23/usr/share/code/resources/app/extensions/git/dist/main.js:1:591370)
	at E.updateTransientWatchers (/snap/code/23/usr/share/code/resources/app/extensions/git/dist/main.js:1:123066)
	at l.fire (/snap/code/23/usr/share/code/resources/app/out/vs/workbench/services/extensions/node/extensionHostProcess.js:46:913)
	at T.updateModelState (/snap/code/23/usr/share/code/resources/app/extensions/git/dist/main.js:1:141851)
> git config --get commit.template
> git status -z -u
> git symbolic-ref --short HEAD
> git rev-parse master
> git rev-parse --symbolic-full-name master@{u}
> git rev-list --left-right master...refs/remotes/origin/master
> git for-each-ref --format %(refname) %(objectname) --sort -committerdate
> git remote --verbose
Failed to watch ref '/opt/lampp/htdocs/phpCourse/.git/refs/remotes/origin/master', is most likely packed.
Error: ENOENT: no such file or directory, watch '/opt/lampp/htdocs/phpCourse/.git/refs/remotes/origin/master'
	at FSWatcher.start (internal/fs/watchers.js:165:26)
	at Object.watch (fs.js:1270:11)
	at Object.t.watch (/snap/code/23/usr/share/code/resources/app/extensions/git/dist/main.js:1:591370)
	at E.updateTransientWatchers (/snap/code/23/usr/share/code/resources/app/extensions/git/dist/main.js:1:123066)
	at l.fire (/snap/code/23/usr/share/code/resources/app/out/vs/workbench/services/extensions/node/extensionHostProcess.js:46:913)
	at T.updateModelState (/snap/code/23/usr/share/code/resources/app/extensions/git/dist/main.js:1:141851)
> git config --get commit.template
> git status -z -u
> git symbolic-ref --short HEAD
> git rev-parse master
> git rev-parse --symbolic-full-name master@{u}
> git rev-list --left-right master...refs/remotes/origin/master
> git for-each-ref --format %(refname) %(objectname) --sort -committerdate
> git remote --verbose
Failed to watch ref '/opt/lampp/htdocs/phpCourse/.git/refs/remotes/origin/master', is most likely packed.
Error: ENOENT: no such file or directory, watch '/opt/lampp/htdocs/phpCourse/.git/refs/remotes/origin/master'
	at FSWatcher.start (internal/fs/watchers.js:165:26)
	at Object.watch (fs.js:1270:11)
	at Object.t.watch (/snap/code/23/usr/share/code/resources/app/extensions/git/dist/main.js:1:591370)
	at E.updateTransientWatchers (/snap/code/23/usr/share/code/resources/app/extensions/git/dist/main.js:1:123066)
	at l.fire (/snap/code/23/usr/share/code/resources/app/out/vs/workbench/services/extensions/node/extensionHostProcess.js:46:913)
	at T.updateModelState (/snap/code/23/usr/share/code/resources/app/extensions/git/dist/main.js:1:141851)
> git config --get commit.template
> git status -z -u
> git symbolic-ref --short HEAD
> git rev-parse master
> git rev-parse --symbolic-full-name master@{u}
> git rev-list --left-right master...refs/remotes/origin/master
> git for-each-ref --format %(refname) %(objectname) --sort -committerdate
> git remote --verbose
Failed to watch ref '/opt/lampp/htdocs/phpCourse/.git/refs/remotes/origin/master', is most likely packed.
Error: ENOENT: no such file or directory, watch '/opt/lampp/htdocs/phpCourse/.git/refs/remotes/origin/master'
	at FSWatcher.start (internal/fs/watchers.js:165:26)
	at Object.watch (fs.js:1270:11)
	at Object.t.watch (/snap/code/23/usr/share/code/resources/app/extensions/git/dist/main.js:1:591370)
	at E.updateTransientWatchers (/snap/code/23/usr/share/code/resources/app/extensions/git/dist/main.js:1:123066)
	at l.fire (/snap/code/23/usr/share/code/resources/app/out/vs/workbench/services/extensions/node/extensionHostProcess.js:46:913)
	at T.updateModelState (/snap/code/23/usr/share/code/resources/app/extensions/git/dist/main.js:1:141851)
> git config --get commit.template
> git status -z -u
> git symbolic-ref --short HEAD
> git rev-parse master
> git rev-parse --symbolic-full-name master@{u}
> git rev-list --left-right master...refs/remotes/origin/master
> git for-each-ref --format %(refname) %(objectname) --sort -committerdate
> git remote --verbose
Failed to watch ref '/opt/lampp/htdocs/phpCourse/.git/refs/remotes/origin/master', is most likely packed.
Error: ENOENT: no such file or directory, watch '/opt/lampp/htdocs/phpCourse/.git/refs/remotes/origin/master'
	at FSWatcher.start (internal/fs/watchers.js:165:26)
	at Object.watch (fs.js:1270:11)
	at Object.t.watch (/snap/code/23/usr/share/code/resources/app/extensions/git/dist/main.js:1:591370)
	at E.updateTransientWatchers (/snap/code/23/usr/share/code/resources/app/extensions/git/dist/main.js:1:123066)
	at l.fire (/snap/code/23/usr/share/code/resources/app/out/vs/workbench/services/extensions/node/extensionHostProcess.js:46:913)
	at T.updateModelState (/snap/code/23/usr/share/code/resources/app/extensions/git/dist/main.js:1:141851)
> git config --get commit.template
> git status -z -u
> git symbolic-ref --short HEAD
> git rev-parse master
> git rev-parse --symbolic-full-name master@{u}
> git rev-list --left-right master...refs/remotes/origin/master
> git for-each-ref --format %(refname) %(objectname) --sort -committerdate
> git remote --verbose
Failed to watch ref '/opt/lampp/htdocs/phpCourse/.git/refs/remotes/origin/master', is most likely packed.
Error: ENOENT: no such file or directory, watch '/opt/lampp/htdocs/phpCourse/.git/refs/remotes/origin/master'
	at FSWatcher.start (internal/fs/watchers.js:165:26)
	at Object.watch (fs.js:1270:11)
	at Object.t.watch (/snap/code/23/usr/share/code/resources/app/extensions/git/dist/main.js:1:591370)
	at E.updateTransientWatchers (/snap/code/23/usr/share/code/resources/app/extensions/git/dist/main.js:1:123066)
	at l.fire (/snap/code/23/usr/share/code/resources/app/out/vs/workbench/services/extensions/node/extensionHostProcess.js:46:913)
	at T.updateModelState (/snap/code/23/usr/share/code/resources/app/extensions/git/dist/main.js:1:141851)
> git config --get commit.template
> git status -z -u
> git symbolic-ref --short HEAD
> git rev-parse master
> git rev-parse --symbolic-full-name master@{u}
> git rev-list --left-right master...refs/remotes/origin/master
> git for-each-ref --format %(refname) %(objectname) --sort -committerdate
> git remote --verbose
Failed to watch ref '/opt/lampp/htdocs/phpCourse/.git/refs/remotes/origin/master', is most likely packed.
Error: ENOENT: no such file or directory, watch '/opt/lampp/htdocs/phpCourse/.git/refs/remotes/origin/master'
	at FSWatcher.start (internal/fs/watchers.js:165:26)
	at Object.watch (fs.js:1270:11)
	at Object.t.watch (/snap/code/23/usr/share/code/resources/app/extensions/git/dist/main.js:1:591370)
	at E.updateTransientWatchers (/snap/code/23/usr/share/code/resources/app/extensions/git/dist/main.js:1:123066)
	at l.fire (/snap/code/23/usr/share/code/resources/app/out/vs/workbench/services/extensions/node/extensionHostProcess.js:46:913)
	at T.updateModelState (/snap/code/23/usr/share/code/resources/app/extensions/git/dist/main.js:1:141851)
> git config --get commit.template
> git status -z -u
> git symbolic-ref --short HEAD
> git rev-parse master
> git rev-parse --symbolic-full-name master@{u}
> git rev-list --left-right master...refs/remotes/origin/master
> git for-each-ref --format %(refname) %(objectname) --sort -committerdate
> git remote --verbose
Failed to watch ref '/opt/lampp/htdocs/phpCourse/.git/refs/remotes/origin/master', is most likely packed.
Error: ENOENT: no such file or directory, watch '/opt/lampp/htdocs/phpCourse/.git/refs/remotes/origin/master'
	at FSWatcher.start (internal/fs/watchers.js:165:26)
	at Object.watch (fs.js:1270:11)
	at Object.t.watch (/snap/code/23/usr/share/code/resources/app/extensions/git/dist/main.js:1:591370)
	at E.updateTransientWatchers (/snap/code/23/usr/share/code/resources/app/extensions/git/dist/main.js:1:123066)
	at l.fire (/snap/code/23/usr/share/code/resources/app/out/vs/workbench/services/extensions/node/extensionHostProcess.js:46:913)
	at T.updateModelState (/snap/code/23/usr/share/code/resources/app/extensions/git/dist/main.js:1:141851)
> git config --get commit.template
> git status -z -u
> git symbolic-ref --short HEAD
> git rev-parse master
> git rev-parse --symbolic-full-name master@{u}
> git rev-list --left-right master...refs/remotes/origin/master
> git for-each-ref --format %(refname) %(objectname) --sort -committerdate
> git remote --verbose
Failed to watch ref '/opt/lampp/htdocs/phpCourse/.git/refs/remotes/origin/master', is most likely packed.
Error: ENOENT: no such file or directory, watch '/opt/lampp/htdocs/phpCourse/.git/refs/remotes/origin/master'
	at FSWatcher.start (internal/fs/watchers.js:165:26)
	at Object.watch (fs.js:1270:11)
	at Object.t.watch (/snap/code/23/usr/share/code/resources/app/extensions/git/dist/main.js:1:591370)
	at E.updateTransientWatchers (/snap/code/23/usr/share/code/resources/app/extensions/git/dist/main.js:1:123066)
	at l.fire (/snap/code/23/usr/share/code/resources/app/out/vs/workbench/services/extensions/node/extensionHostProcess.js:46:913)
	at T.updateModelState (/snap/code/23/usr/share/code/resources/app/extensions/git/dist/main.js:1:141851)
> git config --get commit.template
> git status -z -u
> git symbolic-ref --short HEAD
> git rev-parse master
> git rev-parse --symbolic-full-name master@{u}
> git rev-list --left-right master...refs/remotes/origin/master
> git for-each-ref --format %(refname) %(objectname) --sort -committerdate
> git remote --verbose
Failed to watch ref '/opt/lampp/htdocs/phpCourse/.git/refs/remotes/origin/master', is most likely packed.
Error: ENOENT: no such file or directory, watch '/opt/lampp/htdocs/phpCourse/.git/refs/remotes/origin/master'
	at FSWatcher.start (internal/fs/watchers.js:165:26)
	at Object.watch (fs.js:1270:11)
	at Object.t.watch (/snap/code/23/usr/share/code/resources/app/extensions/git/dist/main.js:1:591370)
	at E.updateTransientWatchers (/snap/code/23/usr/share/code/resources/app/extensions/git/dist/main.js:1:123066)
	at l.fire (/snap/code/23/usr/share/code/resources/app/out/vs/workbench/services/extensions/node/extensionHostProcess.js:46:913)
	at T.updateModelState (/snap/code/23/usr/share/code/resources/app/extensions/git/dist/main.js:1:141851)
> git config --get commit.template
> git status -z -u
> git symbolic-ref --short HEAD
> git rev-parse master
> git rev-parse --symbolic-full-name master@{u}
> git rev-list --left-right master...refs/remotes/origin/master
> git for-each-ref --format %(refname) %(objectname) --sort -committerdate
> git remote --verbose
Failed to watch ref '/opt/lampp/htdocs/phpCourse/.git/refs/remotes/origin/master', is most likely packed.
Error: ENOENT: no such file or directory, watch '/opt/lampp/htdocs/phpCourse/.git/refs/remotes/origin/master'
	at FSWatcher.start (internal/fs/watchers.js:165:26)
	at Object.watch (fs.js:1270:11)
	at Object.t.watch (/snap/code/23/usr/share/code/resources/app/extensions/git/dist/main.js:1:591370)
	at E.updateTransientWatchers (/snap/code/23/usr/share/code/resources/app/extensions/git/dist/main.js:1:123066)
	at l.fire (/snap/code/23/usr/share/code/resources/app/out/vs/workbench/services/extensions/node/extensionHostProcess.js:46:913)
	at T.updateModelState (/snap/code/23/usr/share/code/resources/app/extensions/git/dist/main.js:1:141851)
> git config --get commit.template
> git status -z -u
> git symbolic-ref --short HEAD
> git rev-parse master
> git rev-parse --symbolic-full-name master@{u}
> git rev-list --left-right master...refs/remotes/origin/master
> git for-each-ref --format %(refname) %(objectname) --sort -committerdate
> git remote --verbose
Failed to watch ref '/opt/lampp/htdocs/phpCourse/.git/refs/remotes/origin/master', is most likely packed.
Error: ENOENT: no such file or directory, watch '/opt/lampp/htdocs/phpCourse/.git/refs/remotes/origin/master'
	at FSWatcher.start (internal/fs/watchers.js:165:26)
	at Object.watch (fs.js:1270:11)
	at Object.t.watch (/snap/code/23/usr/share/code/resources/app/extensions/git/dist/main.js:1:591370)
	at E.updateTransientWatchers (/snap/code/23/usr/share/code/resources/app/extensions/git/dist/main.js:1:123066)
	at l.fire (/snap/code/23/usr/share/code/resources/app/out/vs/workbench/services/extensions/node/extensionHostProcess.js:46:913)
	at T.updateModelState (/snap/code/23/usr/share/code/resources/app/extensions/git/dist/main.js:1:141851)
> git config --get commit.template
> git status -z -u
> git symbolic-ref --short HEAD
> git rev-parse master
> git rev-parse --symbolic-full-name master@{u}
> git rev-list --left-right master...refs/remotes/origin/master
> git for-each-ref --format %(refname) %(objectname) --sort -committerdate
> git remote --verbose
Failed to watch ref '/opt/lampp/htdocs/phpCourse/.git/refs/remotes/origin/master', is most likely packed.
Error: ENOENT: no such file or directory, watch '/opt/lampp/htdocs/phpCourse/.git/refs/remotes/origin/master'
	at FSWatcher.start (internal/fs/watchers.js:165:26)
	at Object.watch (fs.js:1270:11)
	at Object.t.watch (/snap/code/23/usr/share/code/resources/app/extensions/git/dist/main.js:1:591370)
	at E.updateTransientWatchers (/snap/code/23/usr/share/code/resources/app/extensions/git/dist/main.js:1:123066)
	at l.fire (/snap/code/23/usr/share/code/resources/app/out/vs/workbench/services/extensions/node/extensionHostProcess.js:46:913)
	at T.updateModelState (/snap/code/23/usr/share/code/resources/app/extensions/git/dist/main.js:1:141851)
> git config --get commit.template
> git status -z -u
> git symbolic-ref --short HEAD
> git rev-parse master
> git rev-parse --symbolic-full-name master@{u}
> git rev-list --left-right master...refs/remotes/origin/master
> git for-each-ref --format %(refname) %(objectname) --sort -committerdate
> git remote --verbose
Failed to watch ref '/opt/lampp/htdocs/phpCourse/.git/refs/remotes/origin/master', is most likely packed.
Error: ENOENT: no such file or directory, watch '/opt/lampp/htdocs/phpCourse/.git/refs/remotes/origin/master'
	at FSWatcher.start (internal/fs/watchers.js:165:26)
	at Object.watch (fs.js:1270:11)
	at Object.t.watch (/snap/code/23/usr/share/code/resources/app/extensions/git/dist/main.js:1:591370)
	at E.updateTransientWatchers (/snap/code/23/usr/share/code/resources/app/extensions/git/dist/main.js:1:123066)
	at l.fire (/snap/code/23/usr/share/code/resources/app/out/vs/workbench/services/extensions/node/extensionHostProcess.js:46:913)
	at T.updateModelState (/snap/code/23/usr/share/code/resources/app/extensions/git/dist/main.js:1:141851)
> git config --get commit.template
> git status -z -u
> git symbolic-ref --short HEAD
> git rev-parse master
> git rev-parse --symbolic-full-name master@{u}
> git rev-list --left-right master...refs/remotes/origin/master
> git for-each-ref --format %(refname) %(objectname) --sort -committerdate
> git remote --verbose
Failed to watch ref '/opt/lampp/htdocs/phpCourse/.git/refs/remotes/origin/master', is most likely packed.
Error: ENOENT: no such file or directory, watch '/opt/lampp/htdocs/phpCourse/.git/refs/remotes/origin/master'
	at FSWatcher.start (internal/fs/watchers.js:165:26)
	at Object.watch (fs.js:1270:11)
	at Object.t.watch (/snap/code/23/usr/share/code/resources/app/extensions/git/dist/main.js:1:591370)
	at E.updateTransientWatchers (/snap/code/23/usr/share/code/resources/app/extensions/git/dist/main.js:1:123066)
	at l.fire (/snap/code/23/usr/share/code/resources/app/out/vs/workbench/services/extensions/node/extensionHostProcess.js:46:913)
	at T.updateModelState (/snap/code/23/usr/share/code/resources/app/extensions/git/dist/main.js:1:141851)
> git config --get commit.template
> git status -z -u
> git symbolic-ref --short HEAD
> git rev-parse master
> git rev-parse --symbolic-full-name master@{u}
> git rev-list --left-right master...refs/remotes/origin/master
> git for-each-ref --format %(refname) %(objectname) --sort -committerdate
> git remote --verbose
Failed to watch ref '/opt/lampp/htdocs/phpCourse/.git/refs/remotes/origin/master', is most likely packed.
Error: ENOENT: no such file or directory, watch '/opt/lampp/htdocs/phpCourse/.git/refs/remotes/origin/master'
	at FSWatcher.start (internal/fs/watchers.js:165:26)
	at Object.watch (fs.js:1270:11)
	at Object.t.watch (/snap/code/23/usr/share/code/resources/app/extensions/git/dist/main.js:1:591370)
	at E.updateTransientWatchers (/snap/code/23/usr/share/code/resources/app/extensions/git/dist/main.js:1:123066)
	at l.fire (/snap/code/23/usr/share/code/resources/app/out/vs/workbench/services/extensions/node/extensionHostProcess.js:46:913)
	at T.updateModelState (/snap/code/23/usr/share/code/resources/app/extensions/git/dist/main.js:1:141851)
> git config --get commit.template
> git status -z -u
> git symbolic-ref --short HEAD
> git rev-parse master
> git rev-parse --symbolic-full-name master@{u}
> git rev-list --left-right master...refs/remotes/origin/master
> git for-each-ref --format %(refname) %(objectname) --sort -committerdate
> git remote --verbose
Failed to watch ref '/opt/lampp/htdocs/phpCourse/.git/refs/remotes/origin/master', is most likely packed.
Error: ENOENT: no such file or directory, watch '/opt/lampp/htdocs/phpCourse/.git/refs/remotes/origin/master'
	at FSWatcher.start (internal/fs/watchers.js:165:26)
	at Object.watch (fs.js:1270:11)
	at Object.t.watch (/snap/code/23/usr/share/code/resources/app/extensions/git/dist/main.js:1:591370)
	at E.updateTransientWatchers (/snap/code/23/usr/share/code/resources/app/extensions/git/dist/main.js:1:123066)
	at l.fire (/snap/code/23/usr/share/code/resources/app/out/vs/workbench/services/extensions/node/extensionHostProcess.js:46:913)
	at T.updateModelState (/snap/code/23/usr/share/code/resources/app/extensions/git/dist/main.js:1:141851)
> git config --get commit.template
> git status -z -u
> git symbolic-ref --short HEAD
> git rev-parse master
> git rev-parse --symbolic-full-name master@{u}
> git rev-list --left-right master...refs/remotes/origin/master
> git for-each-ref --format %(refname) %(objectname) --sort -committerdate
> git remote --verbose
Failed to watch ref '/opt/lampp/htdocs/phpCourse/.git/refs/remotes/origin/master', is most likely packed.
Error: ENOENT: no such file or directory, watch '/opt/lampp/htdocs/phpCourse/.git/refs/remotes/origin/master'
	at FSWatcher.start (internal/fs/watchers.js:165:26)
	at Object.watch (fs.js:1270:11)
	at Object.t.watch (/snap/code/23/usr/share/code/resources/app/extensions/git/dist/main.js:1:591370)
	at E.updateTransientWatchers (/snap/code/23/usr/share/code/resources/app/extensions/git/dist/main.js:1:123066)
	at l.fire (/snap/code/23/usr/share/code/resources/app/out/vs/workbench/services/extensions/node/extensionHostProcess.js:46:913)
	at T.updateModelState (/snap/code/23/usr/share/code/resources/app/extensions/git/dist/main.js:1:141851)
> git config --get commit.template
> git status -z -u
> git symbolic-ref --short HEAD
> git rev-parse master
> git rev-parse --symbolic-full-name master@{u}
> git rev-list --left-right master...refs/remotes/origin/master
> git for-each-ref --format %(refname) %(objectname) --sort -committerdate
> git remote --verbose
Failed to watch ref '/opt/lampp/htdocs/phpCourse/.git/refs/remotes/origin/master', is most likely packed.
Error: ENOENT: no such file or directory, watch '/opt/lampp/htdocs/phpCourse/.git/refs/remotes/origin/master'
	at FSWatcher.start (internal/fs/watchers.js:165:26)
	at Object.watch (fs.js:1270:11)
	at Object.t.watch (/snap/code/23/usr/share/code/resources/app/extensions/git/dist/main.js:1:591370)
	at E.updateTransientWatchers (/snap/code/23/usr/share/code/resources/app/extensions/git/dist/main.js:1:123066)
	at l.fire (/snap/code/23/usr/share/code/resources/app/out/vs/workbench/services/extensions/node/extensionHostProcess.js:46:913)
	at T.updateModelState (/snap/code/23/usr/share/code/resources/app/extensions/git/dist/main.js:1:141851)
> git config --get commit.template
> git show :file.php
> git show :oops.php
